\BOOKMARK [0][-]{chapter.1}{Conceptual Design of the 100 kW Blade using HawtOpt2}{}% 1
\BOOKMARK [1][-]{section.1.1}{Introduction}{chapter.1}% 2
\BOOKMARK [1][-]{section.1.2}{Aerostructural Design Tool}{chapter.1}% 3
\BOOKMARK [1][-]{section.1.3}{Blade Parametrization}{chapter.1}% 4
\BOOKMARK [1][-]{section.1.4}{Baseline Design}{chapter.1}% 5
\BOOKMARK [2][-]{subsection.1.4.1}{Airfoil series}{section.1.4}% 6
\BOOKMARK [2][-]{subsection.1.4.2}{Reference Materials}{section.1.4}% 7
\BOOKMARK [2][-]{subsection.1.4.3}{Structural Layout}{section.1.4}% 8
\BOOKMARK [1][-]{section.1.5}{Design Studies}{chapter.1}% 9
\BOOKMARK [2][-]{subsection.1.5.1}{Design Assumptions}{section.1.5}% 10
\BOOKMARK [2][-]{subsection.1.5.2}{Overview of the designs}{section.1.5}% 11
\BOOKMARK [2][-]{subsection.1.5.3}{Structural Design}{section.1.5}% 12
\BOOKMARK [1][-]{section.1.6}{Selected blade design - KB5 swept blade}{chapter.1}% 13
\BOOKMARK [2][-]{subsection.1.6.1}{Multidisciplinary optimization}{section.1.6}% 14
\BOOKMARK [2][-]{subsection.1.6.2}{Planform}{section.1.6}% 15
\BOOKMARK [2][-]{subsection.1.6.3}{Structure}{section.1.6}% 16
\BOOKMARK [2][-]{subsection.1.6.4}{Steady-state performance}{section.1.6}% 17
\BOOKMARK [1][-]{section.1.7}{Conclusion}{chapter.1}% 18
\BOOKMARK [0][-]{chapter.2}{Static analysis}{}% 19
\BOOKMARK [1][-]{section.2.1}{Load test}{chapter.2}% 20
\BOOKMARK [1][-]{section.2.2}{Eigen analysis}{chapter.2}% 21
\BOOKMARK [0][-]{chapter.3}{Analysis of the Design Load Basis}{}% 22
\BOOKMARK [1][-]{section.3.1}{Introduction}{chapter.3}% 23
\BOOKMARK [1][-]{section.3.2}{Stiff Tower}{chapter.3}% 24
\BOOKMARK [1][-]{section.3.3}{Controller Tuning}{chapter.3}% 25
\BOOKMARK [1][-]{section.3.4}{Discussion and Conclusion}{chapter.3}% 26
\BOOKMARK [1][-]{section.3.5}{Future Work}{chapter.3}% 27
\BOOKMARK [0][-]{chapter.4}{Design Load Basis Statistic Tables}{}% 28
\BOOKMARK [1][-]{section.4.1}{Reference vs KB5}{chapter.4}% 29
\BOOKMARK [0][-]{chapter.5}{Design Load Basis Statistic Plots}{}% 30
\BOOKMARK [1][-]{section.5.1}{Reference vs KB5}{chapter.5}% 31
\BOOKMARK [2][-]{subsection.5.1.1}{No turbulence with wind step}{section.5.1}% 32
\BOOKMARK [2][-]{subsection.5.1.2}{DLC12}{section.5.1}% 33
\BOOKMARK [2][-]{subsection.5.1.3}{DLC24}{section.5.1}% 34
\BOOKMARK [2][-]{subsection.5.1.4}{DLC31}{section.5.1}% 35
\BOOKMARK [2][-]{subsection.5.1.5}{DLC41}{section.5.1}% 36
\BOOKMARK [2][-]{subsection.5.1.6}{DLC64}{section.5.1}% 37
